RUN	ParabankSimulation	parabanksimulation	1646142628386	run parabank test	3.7.5
USER	ParabankSimulation	START	1646142632022
REQUEST		request_0	1646142632041	1646142632699	OK	 
REQUEST		template.css;jsessionid=DADD19DC5483EC57C16AC6C960EF66A8	1646142632806	1646142633012	OK	 
REQUEST		style.css;jsessionid=DADD19DC5483EC57C16AC6C960EF66A8	1646142632806	1646142633371	OK	 
REQUEST		clear.gif;jsessionid=DADD19DC5483EC57C16AC6C960EF66A8	1646142632808	1646142633388	OK	 
REQUEST		logo.gif;jsessionid=DADD19DC5483EC57C16AC6C960EF66A8	1646142632808	1646142633423	OK	 
REQUEST		request_3	1646142633389	1646142633454	OK	 
REQUEST		request_4	1646142633423	1646142633554	OK	 
REQUEST		request_6	1646142633555	1646142633655	OK	 
REQUEST		request_7	1646142633655	1646142633701	OK	 
REQUEST		request_1	1646142633047	1646142633721	OK	 
REQUEST		request_5	1646142633457	1646142633723	OK	 
REQUEST		request_8	1646142633701	1646142633746	OK	 
REQUEST		header-main.jpg;jsessionid=DADD19DC5483EC57C16AC6C960EF66A8	1646142632808	1646142633747	OK	 
REQUEST		request_11	1646142633746	1646142633787	OK	 
REQUEST		request_12	1646142633748	1646142633796	OK	 
REQUEST		request_10	1646142633724	1646142633805	OK	 
REQUEST		request_13	1646142633788	1646142633833	OK	 
REQUEST		request_14	1646142633797	1646142633842	OK	 
REQUEST		request_15	1646142633806	1646142633847	OK	 
REQUEST		request_2	1646142633372	1646142633885	OK	 
REQUEST		request_16	1646142633833	1646142633889	OK	 
REQUEST		request_17	1646142633843	1646142633895	OK	 
REQUEST		request_18	1646142633848	1646142633923	OK	 
REQUEST		request_21	1646142633895	1646142633944	OK	 
REQUEST		request_20	1646142633889	1646142633945	OK	 
REQUEST		request_22	1646142633924	1646142633977	OK	 
REQUEST		angular.min.js;jsessionid=DADD19DC5483EC57C16AC6C960EF66A8	1646142632807	1646142634210	OK	 
REQUEST		request_9	1646142633722	1646142634244	OK	 
REQUEST		request_19	1646142633887	1646142634423	OK	 
REQUEST		request_23	1646142654441	1646142654499	OK	 
REQUEST		request_24	1646142654501	1646142654561	OK	 
REQUEST		request_25	1646142670578	1646142670818	OK	 
REQUEST		request_43	1646142701845	1646142702430	OK	 
REQUEST		request_61	1646142714459	1646142714999	OK	 
USER	ParabankSimulation	END	1646142715008
